
     Program epsilon v.7.1 starts on 30Jan2023 at 18:23:33 

     This program is part of the open-source Quantum ESPRESSO suite
     for quantum simulation of materials; please cite
         "P. Giannozzi et al., J. Phys.:Condens. Matter 21 395502 (2009);
         "P. Giannozzi et al., J. Phys.:Condens. Matter 29 465901 (2017);
         "P. Giannozzi et al., J. Chem. Phys. 152 154105 (2020);
          URL http://www.quantum-espresso.org", 
     in publications or presentations arising from this work. More details at
     http://www.quantum-espresso.org/quote

     Parallel version (MPI), running on    20 processors

     MPI processes distributed on     1 nodes
     R & G space division:  proc/nbgrp/npool/nimage =      20
     5634 MiB available memory on the printing compute node when the environment starts
 


     Reading input file...
     Broadcasting variables...
     Reading PW restart file...

     Reading xml data from directory:

     ./work/GaAs.save/

     IMPORTANT: XC functional enforced from input :
     Exchange-correlation= PZ
                           (   1   1   0   0   0   0   0)
     Any further DFT definition will be discarded
     Please, verify this is what you really want

 
     Parallelization info
     --------------------
     sticks:   dense  smooth     PW     G-vecs:    dense   smooth      PW
     Min          60      60     18                 1378     1378     231
     Max          61      61     19                 1381     1381     235
     Sum        1201    1201    367                27581    27581    4645
 
     Using Slab Decomposition
 


     Fermi energy [eV] is:  5.33091
     The system is a dielectric...
     metallic system: redefining wmin =     0.000000

     Performing eps calculation...

     xx,yy,zz plasmon frequences [eV] are:    14.839789595   14.839789595   14.839789595

     Writing output on file...


     eps          :    135.06s CPU    368.68s WALL (       1 calls)
     dipole_calc  :     89.85s CPU    320.09s WALL (   32768 calls)
 
 
     epsilon      :   3m 2.57s CPU   7m15.04s WALL

 
   This run was terminated on:  18:30:48  30Jan2023            

=------------------------------------------------------------------------------=
   JOB DONE.
=------------------------------------------------------------------------------=
