
     Program epsilon v.7.1 starts on 30Jan2023 at 22:15:59 

     This program is part of the open-source Quantum ESPRESSO suite
     for quantum simulation of materials; please cite
         "P. Giannozzi et al., J. Phys.:Condens. Matter 21 395502 (2009);
         "P. Giannozzi et al., J. Phys.:Condens. Matter 29 465901 (2017);
         "P. Giannozzi et al., J. Chem. Phys. 152 154105 (2020);
          URL http://www.quantum-espresso.org", 
     in publications or presentations arising from this work. More details at
     http://www.quantum-espresso.org/quote

     Parallel version (MPI), running on    20 processors

     MPI processes distributed on     1 nodes
     R & G space division:  proc/nbgrp/npool/nimage =      20
     2195 MiB available memory on the printing compute node when the environment starts
 


     Reading input file...
     Broadcasting variables...
     Reading PW restart file...

     Reading xml data from directory:

     ./work/InP.save/

     IMPORTANT: XC functional enforced from input :
     Exchange-correlation= PZ
                           (   1   1   0   0   0   0   0)
     Any further DFT definition will be discarded
     Please, verify this is what you really want

 
     Parallelization info
     --------------------
     sticks:   dense  smooth     PW     G-vecs:    dense   smooth      PW
     Min          64      64     19                 1535     1535     252
     Max          65      65     21                 1540     1540     254
     Sum        1285    1285    385                30731    30731    5065
 
     Using Slab Decomposition
 


     Fermi energy [eV] is:  4.40716
     The system is a dielectric...
     metallic system: redefining wmin =     0.000000

     Performing eps calculation...

     xx,yy,zz plasmon frequences [eV] are:    14.644068200   14.644068200   14.644068200

     Writing output on file...


     eps          :    137.52s CPU    355.33s WALL (       1 calls)
     dipole_calc  :     92.12s CPU    306.99s WALL (   32768 calls)
 
 
     epsilon      :   3m 4.69s CPU   7m 3.40s WALL

 
   This run was terminated on:  22:23: 2  30Jan2023            

=------------------------------------------------------------------------------=
   JOB DONE.
=------------------------------------------------------------------------------=
